<?xml version="1.0" encoding="UTF-8"?>
<!-- Generated by org.testng.reporters.JUnitXMLReporter -->
<testsuite ignored="0" hostname="DESKTOP-7NR7262" failures="0" tests="3" name="ChromeTest" time="11.112" errors="0" timestamp="2025-06-21T03:30:48 IST">
  <testcase classname="day45.ParamTest" name="test_logo" time="0.054"/>
  <testcase classname="day45.ParamTest" name="test_title" time="0.008"/>
  <testcase classname="day45.ParamTest" name="test_url" time="0.01"/>
</testsuite> <!-- ChromeTest -->
