<?xml version="1.0" encoding="UTF-8"?>
<!-- Generated by org.testng.reporters.JUnitXMLReporter -->
<testsuite ignored="0" hostname="DESKTOP-7NR7262" failures="1" tests="3" name="Test" time="7.871" errors="0" timestamp="2025-06-26T19:33:34 IST">
  <testcase classname="day46.ListenersDemo" name="test_logo" time="0.063"/>
  <testcase classname="day46.ListenersDemo" name="test_url" time="0.014">
    <failure type="java.lang.AssertionError" message="expected [https://www.google.com/] but found [https://opensource-demo.orangehrmlive.com/web/index.php/auth/login]">
      <![CDATA[java.lang.AssertionError: expected [https://www.google.com/] but found [https://opensource-demo.orangehrmlive.com/web/index.php/auth/login]
at day46.ListenersDemo.test_url(ListenersDemo.java:35)
at java.base/java.util.ArrayList.forEach(ArrayList.java:1511)
... Removed 33 stack frames]]>
    </failure>
  </testcase> <!-- test_url -->
  <testcase classname="day46.ListenersDemo" name="test_title" time="0.0">
    <skipped/>
  </testcase> <!-- test_title -->
</testsuite> <!-- Test -->
