<?xml version="1.0" encoding="UTF-8"?>
<!-- Generated by org.testng.reporters.JUnitXMLReporter -->
<testsuite ignored="0" hostname="DESKTOP-7NR7262" failures="0" tests="7" name="mytest" time="25.004" errors="0" timestamp="2024-12-26T16:25:55 IST">
  <testcase classname="day42.OrangHRM" name="open_app" time="13.439"/>
  <testcase classname="day42.OrangHRM" name="test_logo" time="5.077"/>
  <testcase classname="day42.OrangHRM" name="login" time="2.081"/>
  <testcase classname="day42.OrangHRM" name="logout" time="4.329"/>
  <testcase classname="day42.FirstTestCase" name="openApp" time="0.005"/>
  <testcase classname="day42.FirstTestCase" name="login" time="0.002"/>
  <testcase classname="day42.FirstTestCase" name="logout" time="0.004"/>
</testsuite> <!-- mytest -->
