<?xml version="1.0" encoding="UTF-8"?>
<!-- Generated by org.testng.reporters.JUnitReportReporter -->
<testsuite hostname="DESKTOP-7NR7262" failures="0" tests="5" name="testCases.TC003_LoginDDT" time="45.706" errors="0" timestamp="2026-06-15T00:21:12 IST" skipped="0">
  <testcase classname="testCases.TC003_LoginDDT" name="verify_login" time="7.026"/>
  <testcase classname="testCases.TC003_LoginDDT" name="verify_login" time="10.698"/>
  <testcase classname="testCases.TC003_LoginDDT" name="verify_login" time="10.590"/>
  <testcase classname="testCases.TC003_LoginDDT" name="verify_login" time="10.828"/>
  <testcase classname="testCases.TC003_LoginDDT" name="verify_login" time="6.564"/>
</testsuite> <!-- testCases.TC003_LoginDDT -->
