<?xml version="1.0" encoding="UTF-8"?>
<!-- Generated by org.testng.reporters.JUnitReportReporter -->
<testsuite hostname="DESKTOP-7NR7262" failures="0" tests="4" name="day42.OrangHRM" time="24.926" errors="0" timestamp="2024-12-26T16:25:55 IST" skipped="0">
  <testcase classname="day42.OrangHRM" name="open_app" time="13.439"/>
  <system-out/>
  <testcase classname="day42.OrangHRM" name="test_logo" time="5.077"/>
  <system-out/>
  <testcase classname="day42.OrangHRM" name="login" time="2.081"/>
  <system-out/>
  <testcase classname="day42.OrangHRM" name="logout" time="4.329"/>
  <system-out/>
</testsuite> <!-- day42.OrangHRM -->
