<?xml version="1.0" encoding="UTF-8"?>
<!-- Generated by org.testng.reporters.JUnitReportReporter -->
<testsuite hostname="DESKTOP-7NR7262" failures="0" tests="6" name="day45.ParamTest" time="0.138" errors="0" timestamp="2025-06-21T03:30:52 IST" skipped="0">
  <testcase classname="day45.ParamTest" name="test_logo" time="0.054"/>
  <system-out/>
  <testcase classname="day45.ParamTest" name="test_logo" time="0.034"/>
  <system-out/>
  <testcase classname="day45.ParamTest" name="test_title" time="0.008"/>
  <system-out/>
  <testcase classname="day45.ParamTest" name="test_title" time="0.013"/>
  <system-out/>
  <testcase classname="day45.ParamTest" name="test_url" time="0.010"/>
  <system-out/>
  <testcase classname="day45.ParamTest" name="test_url" time="0.019"/>
  <system-out/>
</testsuite> <!-- day45.ParamTest -->
