<?xml version="1.0" encoding="UTF-8"?>
<!-- Generated by org.testng.reporters.JUnitReportReporter -->
<testsuite hostname="DESKTOP-7NR7262" failures="0" tests="3" name="day32_testng.StaticTable" time="17.128" errors="0" timestamp="2025-06-05T22:48:43 IST" skipped="0">
  <testcase classname="day32_testng.StaticTable" name="openapp" time="15.964"/>
  <system-out/>
  <testcase classname="day32_testng.StaticTable" name="print_table" time="1.034"/>
  <system-out/>
  <testcase classname="day32_testng.StaticTable" name="closeapp" time="0.130"/>
  <system-out/>
</testsuite> <!-- day32_testng.StaticTable -->
