<?xml version="1.0" encoding="UTF-8"?>
<testng-results ignored="0" total="5" passed="5" failed="0" skipped="0">
  <reporter-output>
  </reporter-output>
  <suite started-at="2026-06-15T00:20:19 IST" name="Suite" finished-at="2026-06-15T00:21:12 IST" duration-ms="53567">
    <groups>
    </groups>
    <test started-at="2026-06-15T00:20:19 IST" name="Test" finished-at="2026-06-15T00:21:12 IST" duration-ms="53567">
      <class name="testCases.TC003_LoginDDT">
        <test-method is-config="true" signature="setup(java.lang.String,java.lang.String)[pri:0, instance:testCases.TC003_LoginDDT@47db5fa5]" started-at="2026-06-15T00:20:19 IST" name="setup" finished-at="2026-06-15T00:20:25 IST" duration-ms="5919" status="PASS">
          <params>
            <param index="0">
              <value>
                <![CDATA[Windows]]>
              </value>
            </param>
            <param index="1">
              <value>
                <![CDATA[chrome]]>
              </value>
            </param>
          </params>
          <reporter-output>
          </reporter-output>
        </test-method> <!-- setup -->
        <test-method signature="verify_login(java.lang.String,java.lang.String,java.lang.String)[pri:0, instance:testCases.TC003_LoginDDT@47db5fa5]" started-at="2026-06-15T00:20:26 IST" name="verify_login" data-provider="LoginData" finished-at="2026-06-15T00:20:33 IST" duration-ms="7026" status="PASS">
          <params>
            <param index="0">
              <value>
                <![CDATA[kelvinz@gmail.com]]>
              </value>
            </param>
            <param index="1">
              <value>
                <![CDATA[kel@123]]>
              </value>
            </param>
            <param index="2">
              <value>
                <![CDATA[Valid]]>
              </value>
            </param>
          </params>
          <reporter-output>
          </reporter-output>
        </test-method> <!-- verify_login -->
        <test-method signature="verify_login(java.lang.String,java.lang.String,java.lang.String)[pri:0, instance:testCases.TC003_LoginDDT@47db5fa5]" started-at="2026-06-15T00:20:33 IST" name="verify_login" data-provider="LoginData" finished-at="2026-06-15T00:20:44 IST" duration-ms="10698" status="PASS">
          <params>
            <param index="0">
              <value>
                <![CDATA[spilbergjinz@gmail.com]]>
              </value>
            </param>
            <param index="1">
              <value>
                <![CDATA[spilberg]]>
              </value>
            </param>
            <param index="2">
              <value>
                <![CDATA[Invalid]]>
              </value>
            </param>
          </params>
          <reporter-output>
          </reporter-output>
        </test-method> <!-- verify_login -->
        <test-method signature="verify_login(java.lang.String,java.lang.String,java.lang.String)[pri:0, instance:testCases.TC003_LoginDDT@47db5fa5]" started-at="2026-06-15T00:20:44 IST" name="verify_login" data-provider="LoginData" finished-at="2026-06-15T00:20:55 IST" duration-ms="10828" status="PASS">
          <params>
            <param index="0">
              <value>
                <![CDATA[frank@hotmail.com]]>
              </value>
            </param>
            <param index="1">
              <value>
                <![CDATA[frank]]>
              </value>
            </param>
            <param index="2">
              <value>
                <![CDATA[Invalid]]>
              </value>
            </param>
          </params>
          <reporter-output>
          </reporter-output>
        </test-method> <!-- verify_login -->
        <test-method signature="verify_login(java.lang.String,java.lang.String,java.lang.String)[pri:0, instance:testCases.TC003_LoginDDT@47db5fa5]" started-at="2026-06-15T00:20:55 IST" name="verify_login" data-provider="LoginData" finished-at="2026-06-15T00:21:06 IST" duration-ms="10590" status="PASS">
          <params>
            <param index="0">
              <value>
                <![CDATA[barkawee@yahoo.com]]>
              </value>
            </param>
            <param index="1">
              <value>
                <![CDATA[456]]>
              </value>
            </param>
            <param index="2">
              <value>
                <![CDATA[Invalid]]>
              </value>
            </param>
          </params>
          <reporter-output>
          </reporter-output>
        </test-method> <!-- verify_login -->
        <test-method signature="verify_login(java.lang.String,java.lang.String,java.lang.String)[pri:0, instance:testCases.TC003_LoginDDT@47db5fa5]" started-at="2026-06-15T00:21:06 IST" name="verify_login" data-provider="LoginData" finished-at="2026-06-15T00:21:12 IST" duration-ms="6564" status="PASS">
          <params>
            <param index="0">
              <value>
                <![CDATA[catherine@outlook.com]]>
              </value>
            </param>
            <param index="1">
              <value>
                <![CDATA[test@123.com]]>
              </value>
            </param>
            <param index="2">
              <value>
                <![CDATA[Valid]]>
              </value>
            </param>
          </params>
          <reporter-output>
          </reporter-output>
        </test-method> <!-- verify_login -->
        <test-method is-config="true" signature="teardown()[pri:0, instance:testCases.TC003_LoginDDT@47db5fa5]" started-at="2026-06-15T00:21:12 IST" name="teardown" finished-at="2026-06-15T00:21:12 IST" duration-ms="103" status="PASS">
          <reporter-output>
          </reporter-output>
        </test-method> <!-- teardown -->
      </class> <!-- testCases.TC003_LoginDDT -->
    </test> <!-- Test -->
  </suite> <!-- Suite -->
</testng-results>
