<?xml version="1.0" encoding="UTF-8"?>
<testng-results ignored="0" total="1" passed="1" failed="0" skipped="0">
  <reporter-output>
  </reporter-output>
  <suite started-at="2025-10-23T20:52:36 IST" name="Suite" finished-at="2025-10-23T20:52:54 IST" duration-ms="17803">
    <groups>
    </groups>
    <test started-at="2025-10-23T20:52:36 IST" name="Test" finished-at="2025-10-23T20:52:54 IST" duration-ms="17803">
      <class name="testCases.TC001_AccontRegistrationTest">
        <test-method is-config="true" signature="setup(java.lang.String,java.lang.String)[pri:0, instance:testCases.TC001_AccontRegistrationTest@13c3c1e1]" started-at="2025-10-23T20:52:36 IST" name="setup" finished-at="2025-10-23T20:52:50 IST" duration-ms="13075" status="PASS">
          <params>
            <param index="0">
              <value>
                <![CDATA[Windows]]>
              </value>
            </param>
            <param index="1">
              <value>
                <![CDATA[chrome]]>
              </value>
            </param>
          </params>
          <reporter-output>
          </reporter-output>
        </test-method> <!-- setup -->
        <test-method signature="verify_account_registration()[pri:0, instance:testCases.TC001_AccontRegistrationTest@13c3c1e1]" started-at="2025-10-23T20:52:50 IST" name="verify_account_registration" finished-at="2025-10-23T20:52:54 IST" duration-ms="4559" status="PASS">
          <reporter-output>
          </reporter-output>
        </test-method> <!-- verify_account_registration -->
        <test-method is-config="true" signature="teardown()[pri:0, instance:testCases.TC001_AccontRegistrationTest@13c3c1e1]" started-at="2025-10-23T20:52:54 IST" name="teardown" finished-at="2025-10-23T20:52:54 IST" duration-ms="127" status="PASS">
          <reporter-output>
          </reporter-output>
        </test-method> <!-- teardown -->
      </class> <!-- testCases.TC001_AccontRegistrationTest -->
    </test> <!-- Test -->
  </suite> <!-- Suite -->
</testng-results>
