<?xml version="1.0" encoding="UTF-8"?>
<testng-results ignored="0" total="1" passed="1" failed="0" skipped="0">
  <reporter-output>
  </reporter-output>
  <suite started-at="2025-07-12T18:11:37 IST" name="Default suite" finished-at="2025-07-12T18:11:46 IST" duration-ms="8693">
    <groups>
    </groups>
    <test started-at="2025-07-12T18:11:37 IST" name="Default test" finished-at="2025-07-12T18:11:46 IST" duration-ms="8693">
      <class name="day47.LoginTest">
        <test-method is-config="true" signature="setup()[pri:0, instance:day47.LoginTest@66f57048]" started-at="2025-07-12T18:11:37 IST" name="setup" finished-at="2025-07-12T18:11:44 IST" duration-ms="6206" status="PASS">
          <reporter-output>
          </reporter-output>
        </test-method> <!-- setup -->
        <test-method signature="testLogin()[pri:0, instance:day47.LoginTest@66f57048]" started-at="2025-07-12T18:11:44 IST" name="testLogin" finished-at="2025-07-12T18:11:46 IST" duration-ms="2365" status="PASS">
          <reporter-output>
          </reporter-output>
        </test-method> <!-- testLogin -->
        <test-method is-config="true" signature="TearDown()[pri:0, instance:day47.LoginTest@66f57048]" started-at="2025-07-12T18:11:46 IST" name="TearDown" finished-at="2025-07-12T18:11:46 IST" duration-ms="75" status="PASS">
          <reporter-output>
          </reporter-output>
        </test-method> <!-- TearDown -->
      </class> <!-- day47.LoginTest -->
    </test> <!-- Default test -->
  </suite> <!-- Default suite -->
</testng-results>
