<?xml version="1.0" encoding="UTF-8"?>
<!-- Generated by org.testng.reporters.JUnitXMLReporter -->
<testsuite ignored="0" hostname="DESKTOP-7NR7262" failures="1" tests="1" name="chromeTest" time="9.611" errors="0" timestamp="2025-10-16T16:24:36 IST">
  <testcase classname="testCases.TC001_AccontRegistrationTest" name="verify_account_registration" time="4.866">
    <failure type="java.lang.AssertionError" message="expected [true] but found [false]">
      <![CDATA[java.lang.AssertionError: expected [true] but found [false]
at testCases.TC001_AccontRegistrationTest.verify_account_registration(TC001_AccontRegistrationTest.java:50)
at java.base/java.util.ArrayList.forEach(ArrayList.java:1511)
... Removed 31 stack frames]]>
    </failure>
  </testcase> <!-- verify_account_registration -->
</testsuite> <!-- chromeTest -->
